<?xml version="1.0" encoding="UTF-8"?>
<!-- Generated by org.testng.reporters.JUnitReportReporter -->
<testsuite hostname="DESKTOP-63820R8" failures="0" tests="3" name="com.testng.features.Dataprovider_Concepts" time="0.036" errors="0" timestamp="2022-04-01T03:41:53 GMT-07:00" skipped="0">
  <testcase classname="com.testng.features.Dataprovider_Concepts" name="automation_runner" time="0.006"/>
  <system-out/>
  <testcase classname="com.testng.features.Dataprovider_Concepts" name="automation_runner" time="0.006"/>
  <system-out/>
  <testcase classname="com.testng.features.Dataprovider_Concepts" name="automation_runner" time="0.024"/>
  <system-out/>
</testsuite> <!-- com.testng.features.Dataprovider_Concepts -->
