<?xml version="1.0" encoding="UTF-8"?>
<!-- Generated by org.testng.reporters.JUnitReportReporter -->
<testsuite hostname="DESKTOP-63820R8" failures="0" tests="2" name="com.testng.features.Parallel_Testing" time="0.030" errors="0" timestamp="2022-04-01T07:17:20 GMT-07:00" skipped="0">
  <testcase classname="com.testng.features.Parallel_Testing" name="username" time="0.015"/>
  <system-out/>
  <testcase classname="com.testng.features.Parallel_Testing" name="password" time="0.015"/>
  <system-out/>
</testsuite> <!-- com.testng.features.Parallel_Testing -->
