<?xml version="1.0" encoding="UTF-8"?>
<!-- Generated by org.testng.reporters.JUnitReportReporter -->
<testsuite hostname="DESKTOP-63820R8" failures="0" tests="1" name="com.testng.features.Timeout_concept" time="5.065" errors="0" timestamp="2022-04-01T02:13:59 GMT-07:00" skipped="0">
  <testcase classname="com.testng.features.Timeout_concept" name="browse_execution" time="5.065"/>
  <system-out/>
</testsuite> <!-- com.testng.features.Timeout_concept -->
