<?xml version="1.0" encoding="UTF-8"?>
<!-- Generated by org.testng.reporters.JUnitReportReporter -->
<testsuite hostname="DESKTOP-63820R8" failures="0" tests="1" name="com.testing.features.Expected_Exception" time="0.028" errors="0" timestamp="2022-03-29T10:38:52 GMT-07:00" skipped="0">
  <testcase classname="com.testing.features.Expected_Exception" name="calculator" time="0.028"/>
  <system-out/>
</testsuite> <!-- com.testing.features.Expected_Exception -->
