<?xml version="1.0" encoding="UTF-8"?>
<!-- Generated by org.testng.reporters.JUnitReportReporter -->
<testsuite hostname="DESKTOP-63820R8" failures="0" tests="5" name="com.testing.features.Group_Concepts" time="0.048" errors="0" timestamp="2022-03-29T09:57:14 GMT-07:00" skipped="0">
  <testcase classname="com.testing.features.Group_Concepts" name="Venilla" time="0.026"/>
  <system-out/>
  <testcase classname="com.testing.features.Group_Concepts" name="eclairs" time="0.004"/>
  <system-out/>
  <testcase classname="com.testing.features.Group_Concepts" name="butterScotch" time="0.005"/>
  <system-out/>
  <testcase classname="com.testing.features.Group_Concepts" name="bournville" time="0.007"/>
  <system-out/>
  <testcase classname="com.testing.features.Group_Concepts" name="dairymilk" time="0.006"/>
  <system-out/>
</testsuite> <!-- com.testing.features.Group_Concepts -->
