<?xml version="1.0" encoding="UTF-8"?>
<!-- Generated by org.testng.reporters.JUnitReportReporter -->
<testsuite hostname="DESKTOP-63820R8" failures="0" tests="3" name="com.testng.features.Dependency_concepts" time="0.036" errors="0" timestamp="2022-04-01T02:27:10 GMT-07:00" skipped="0">
  <testcase classname="com.testng.features.Dependency_concepts" name="earings" time="0.005"/>
  <system-out/>
  <testcase classname="com.testng.features.Dependency_concepts" name="bangles" time="0.024"/>
  <system-out/>
  <testcase classname="com.testng.features.Dependency_concepts" name="offer" time="0.007"/>
  <system-out/>
</testsuite> <!-- com.testng.features.Dependency_concepts -->
