<?xml version="1.0" encoding="UTF-8"?>
<!-- Generated by org.testng.reporters.JUnitReportReporter -->
<testsuite hostname="DESKTOP-63820R8" failures="0" tests="1" name="com.testng.features.Assert_Concept" time="0.040" errors="0" timestamp="2022-04-01T06:59:48 GMT-07:00" skipped="0">
  <testcase classname="com.testng.features.Assert_Concept" name="username" time="0.040"/>
  <system-out/>
</testsuite> <!-- com.testng.features.Assert_Concept -->
