<?xml version="1.0" encoding="UTF-8"?>
<!-- Generated by org.testng.reporters.JUnitReportReporter -->
<testsuite hostname="DESKTOP-63820R8" failures="0" tests="1" name="com.testing.features.Ignore_Concepts" time="0.027" errors="0" timestamp="2022-03-29T11:41:18 GMT-07:00" skipped="0">
  <testcase classname="com.testing.features.Ignore_Concepts" name="instagram" time="0.027"/>
  <system-out/>
</testsuite> <!-- com.testing.features.Ignore_Concepts -->
