<?xml version="1.0" encoding="UTF-8"?>
<!-- Generated by org.testng.reporters.JUnitReportReporter -->
<testsuite hostname="DESKTOP-63820R8" failures="0" tests="1" name="com.testng.features.Parameterized_Concepts" time="0.022" errors="0" timestamp="2022-04-01T03:26:00 GMT-07:00" skipped="0">
  <testcase classname="com.testng.features.Parameterized_Concepts" name="login_details" time="0.022"/>
  <system-out/>
</testsuite> <!-- com.testng.features.Parameterized_Concepts -->
