<?xml version="1.0" encoding="UTF-8"?>
<!-- Generated by org.testng.reporters.JUnitReportReporter -->
<testsuite hostname="DESKTOP-63820R8" failures="0" tests="6" name="com.testing.features.Invocation_count" time="0.073" errors="0" timestamp="2022-03-29T10:33:46 GMT-07:00" skipped="0">
  <testcase classname="com.testing.features.Invocation_count" name="browser_launch" time="0.038"/>
  <system-out/>
  <testcase classname="com.testing.features.Invocation_count" name="url_launch" time="0.005"/>
  <system-out/>
  <testcase classname="com.testing.features.Invocation_count" name="refresh" time="0.006"/>
  <system-out/>
  <testcase classname="com.testing.features.Invocation_count" name="refresh" time="0.007"/>
  <system-out/>
  <testcase classname="com.testing.features.Invocation_count" name="refresh" time="0.011"/>
  <system-out/>
  <testcase classname="com.testing.features.Invocation_count" name="logincredentials" time="0.006"/>
  <system-out/>
</testsuite> <!-- com.testing.features.Invocation_count -->
