<?xml version="1.0" encoding="UTF-8"?>
<!-- Generated by org.testng.reporters.JUnitReportReporter -->
<testsuite hostname="DESKTOP-63820R8" failures="0" tests="5" name="com.testng.features.Group_Concepts" time="0.066" errors="0" timestamp="2022-04-01T10:32:27 GMT-07:00" skipped="0">
  <testcase classname="com.testng.features.Group_Concepts" name="Venilla" time="0.034"/>
  <system-out/>
  <testcase classname="com.testng.features.Group_Concepts" name="eclairs" time="0.009"/>
  <system-out/>
  <testcase classname="com.testng.features.Group_Concepts" name="butterScotch" time="0.006"/>
  <system-out/>
  <testcase classname="com.testng.features.Group_Concepts" name="dairymilk" time="0.007"/>
  <system-out/>
  <testcase classname="com.testng.features.Group_Concepts" name="bournville" time="0.010"/>
  <system-out/>
</testsuite> <!-- com.testng.features.Group_Concepts -->
