<?xml version="1.0" encoding="UTF-8"?>
<!-- Generated by org.testng.reporters.JUnitReportReporter -->
<testsuite hostname="DESKTOP-63820R8" failures="0" tests="3" name="com.testing.features.Priority_Concepts" time="0.077" errors="0" timestamp="2022-03-29T07:21:23 GMT-07:00" skipped="0">
  <testcase classname="com.testing.features.Priority_Concepts" name="username" time="0.060"/>
  <system-out/>
  <testcase classname="com.testing.features.Priority_Concepts" name="password" time="0.003"/>
  <system-out/>
  <testcase classname="com.testing.features.Priority_Concepts" name="login" time="0.014"/>
  <system-out/>
</testsuite> <!-- com.testing.features.Priority_Concepts -->
