<?xml version="1.0" encoding="UTF-8"?>
<!-- Generated by org.testng.reporters.JUnitReportReporter -->
<testsuite hostname="DESKTOP-63820R8" failures="0" tests="2" name="com.testing.features.Annotations_Demo" time="0.026" errors="0" timestamp="2022-03-29T09:22:58 GMT-07:00" skipped="0">
  <testcase classname="com.testing.features.Annotations_Demo" name="women" time="0.007"/>
  <system-out/>
  <testcase classname="com.testing.features.Annotations_Demo" name="children" time="0.019"/>
  <system-out/>
</testsuite> <!-- com.testing.features.Annotations_Demo -->
